<?xml version="1.0" encoding="UTF-8"?>
<testsuite xmlns:xsi="http://www.w3.org/2001/XMLSchema-instance" xsi:noNamespaceSchemaLocation="https://maven.apache.org/surefire/maven-surefire-plugin/xsd/surefire-test-report.xsd" name="com.javainuse.springbootquickstart.courseapidata.CourseApiDataApplicationTests" time="20.374" tests="1" errors="0" skipped="0" failures="0">
  <properties>
    <property name="sun.desktop" value="windows"/>
    <property name="awt.toolkit" value="sun.awt.windows.WToolkit"/>
    <property name="file.encoding.pkg" value="sun.io"/>
    <property name="java.specification.version" value="1.8"/>
    <property name="sun.cpu.isalist" value="amd64"/>
    <property name="sun.jnu.encoding" value="Cp1252"/>
    <property name="java.class.path" value="C:\Tutorials\eclipse\eclipse-workspace\course-api-data\target\test-classes;C:\Tutorials\eclipse\eclipse-workspace\course-api-data\target\classes;C:\Users\IBM_ADMIN\mvn_repo\org\springframework\boot\spring-boot-starter-data-jpa\2.0.2.RELEASE\spring-boot-starter-data-jpa-2.0.2.RELEASE.jar;C:\Users\IBM_ADMIN\mvn_repo\org\springframework\boot\spring-boot-starter\2.0.2.RELEASE\spring-boot-starter-2.0.2.RELEASE.jar;C:\Users\IBM_ADMIN\mvn_repo\org\springframework\boot\spring-boot\2.0.2.RELEASE\spring-boot-2.0.2.RELEASE.jar;C:\Users\IBM_ADMIN\mvn_repo\org\springframework\boot\spring-boot-autoconfigure\2.0.2.RELEASE\spring-boot-autoconfigure-2.0.2.RELEASE.jar;C:\Users\IBM_ADMIN\mvn_repo\org\springframework\boot\spring-boot-starter-logging\2.0.2.RELEASE\spring-boot-starter-logging-2.0.2.RELEASE.jar;C:\Users\IBM_ADMIN\mvn_repo\ch\qos\logback\logback-classic\1.2.3\logback-classic-1.2.3.jar;C:\Users\IBM_ADMIN\mvn_repo\ch\qos\logback\logback-core\1.2.3\logback-core-1.2.3.jar;C:\Users\IBM_ADMIN\mvn_repo\org\apache\logging\log4j\log4j-to-slf4j\2.10.0\log4j-to-slf4j-2.10.0.jar;C:\Users\IBM_ADMIN\mvn_repo\org\apache\logging\log4j\log4j-api\2.10.0\log4j-api-2.10.0.jar;C:\Users\IBM_ADMIN\mvn_repo\org\slf4j\jul-to-slf4j\1.7.25\jul-to-slf4j-1.7.25.jar;C:\Users\IBM_ADMIN\mvn_repo\javax\annotation\javax.annotation-api\1.3.2\javax.annotation-api-1.3.2.jar;C:\Users\IBM_ADMIN\mvn_repo\org\yaml\snakeyaml\1.19\snakeyaml-1.19.jar;C:\Users\IBM_ADMIN\mvn_repo\org\springframework\boot\spring-boot-starter-aop\2.0.2.RELEASE\spring-boot-starter-aop-2.0.2.RELEASE.jar;C:\Users\IBM_ADMIN\mvn_repo\org\springframework\spring-aop\5.0.6.RELEASE\spring-aop-5.0.6.RELEASE.jar;C:\Users\IBM_ADMIN\mvn_repo\org\aspectj\aspectjweaver\1.8.13\aspectjweaver-1.8.13.jar;C:\Users\IBM_ADMIN\mvn_repo\org\springframework\boot\spring-boot-starter-jdbc\2.0.2.RELEASE\spring-boot-starter-jdbc-2.0.2.RELEASE.jar;C:\Users\IBM_ADMIN\mvn_repo\com\zaxxer\HikariCP\2.7.9\HikariCP-2.7.9.jar;C:\Users\IBM_ADMIN\mvn_repo\org\springframework\spring-jdbc\5.0.6.RELEASE\spring-jdbc-5.0.6.RELEASE.jar;C:\Users\IBM_ADMIN\mvn_repo\org\hibernate\hibernate-core\5.2.17.Final\hibernate-core-5.2.17.Final.jar;C:\Users\IBM_ADMIN\mvn_repo\org\jboss\logging\jboss-logging\3.3.2.Final\jboss-logging-3.3.2.Final.jar;C:\Users\IBM_ADMIN\mvn_repo\org\hibernate\javax\persistence\hibernate-jpa-2.1-api\1.0.0.Final\hibernate-jpa-2.1-api-1.0.0.Final.jar;C:\Users\IBM_ADMIN\mvn_repo\org\javassist\javassist\3.22.0-GA\javassist-3.22.0-GA.jar;C:\Users\IBM_ADMIN\mvn_repo\antlr\antlr\2.7.7\antlr-2.7.7.jar;C:\Users\IBM_ADMIN\mvn_repo\org\jboss\jandex\2.0.3.Final\jandex-2.0.3.Final.jar;C:\Users\IBM_ADMIN\mvn_repo\com\fasterxml\classmate\1.3.4\classmate-1.3.4.jar;C:\Users\IBM_ADMIN\mvn_repo\dom4j\dom4j\1.6.1\dom4j-1.6.1.jar;C:\Users\IBM_ADMIN\mvn_repo\org\hibernate\common\hibernate-commons-annotations\5.0.1.Final\hibernate-commons-annotations-5.0.1.Final.jar;C:\Users\IBM_ADMIN\mvn_repo\javax\transaction\javax.transaction-api\1.2\javax.transaction-api-1.2.jar;C:\Users\IBM_ADMIN\mvn_repo\org\springframework\data\spring-data-jpa\2.0.7.RELEASE\spring-data-jpa-2.0.7.RELEASE.jar;C:\Users\IBM_ADMIN\mvn_repo\org\springframework\data\spring-data-commons\2.0.7.RELEASE\spring-data-commons-2.0.7.RELEASE.jar;C:\Users\IBM_ADMIN\mvn_repo\org\springframework\spring-orm\5.0.6.RELEASE\spring-orm-5.0.6.RELEASE.jar;C:\Users\IBM_ADMIN\mvn_repo\org\springframework\spring-context\5.0.6.RELEASE\spring-context-5.0.6.RELEASE.jar;C:\Users\IBM_ADMIN\mvn_repo\org\springframework\spring-tx\5.0.6.RELEASE\spring-tx-5.0.6.RELEASE.jar;C:\Users\IBM_ADMIN\mvn_repo\org\springframework\spring-beans\5.0.6.RELEASE\spring-beans-5.0.6.RELEASE.jar;C:\Users\IBM_ADMIN\mvn_repo\org\slf4j\slf4j-api\1.7.25\slf4j-api-1.7.25.jar;C:\Users\IBM_ADMIN\mvn_repo\org\springframework\spring-aspects\5.0.6.RELEASE\spring-aspects-5.0.6.RELEASE.jar;C:\Users\IBM_ADMIN\mvn_repo\org\springframework\boot\spring-boot-starter-web\2.0.2.RELEASE\spring-boot-starter-web-2.0.2.RELEASE.jar;C:\Users\IBM_ADMIN\mvn_repo\org\springframework\boot\spring-boot-starter-json\2.0.2.RELEASE\spring-boot-starter-json-2.0.2.RELEASE.jar;C:\Users\IBM_ADMIN\mvn_repo\com\fasterxml\jackson\core\jackson-databind\2.9.5\jackson-databind-2.9.5.jar;C:\Users\IBM_ADMIN\mvn_repo\com\fasterxml\jackson\core\jackson-annotations\2.9.0\jackson-annotations-2.9.0.jar;C:\Users\IBM_ADMIN\mvn_repo\com\fasterxml\jackson\core\jackson-core\2.9.5\jackson-core-2.9.5.jar;C:\Users\IBM_ADMIN\mvn_repo\com\fasterxml\jackson\datatype\jackson-datatype-jdk8\2.9.5\jackson-datatype-jdk8-2.9.5.jar;C:\Users\IBM_ADMIN\mvn_repo\com\fasterxml\jackson\datatype\jackson-datatype-jsr310\2.9.5\jackson-datatype-jsr310-2.9.5.jar;C:\Users\IBM_ADMIN\mvn_repo\com\fasterxml\jackson\module\jackson-module-parameter-names\2.9.5\jackson-module-parameter-names-2.9.5.jar;C:\Users\IBM_ADMIN\mvn_repo\org\springframework\boot\spring-boot-starter-tomcat\2.0.2.RELEASE\spring-boot-starter-tomcat-2.0.2.RELEASE.jar;C:\Users\IBM_ADMIN\mvn_repo\org\apache\tomcat\embed\tomcat-embed-core\8.5.31\tomcat-embed-core-8.5.31.jar;C:\Users\IBM_ADMIN\mvn_repo\org\apache\tomcat\embed\tomcat-embed-el\8.5.31\tomcat-embed-el-8.5.31.jar;C:\Users\IBM_ADMIN\mvn_repo\org\apache\tomcat\embed\tomcat-embed-websocket\8.5.31\tomcat-embed-websocket-8.5.31.jar;C:\Users\IBM_ADMIN\mvn_repo\org\hibernate\validator\hibernate-validator\6.0.9.Final\hibernate-validator-6.0.9.Final.jar;C:\Users\IBM_ADMIN\mvn_repo\javax\validation\validation-api\2.0.1.Final\validation-api-2.0.1.Final.jar;C:\Users\IBM_ADMIN\mvn_repo\org\springframework\spring-web\5.0.6.RELEASE\spring-web-5.0.6.RELEASE.jar;C:\Users\IBM_ADMIN\mvn_repo\org\springframework\spring-webmvc\5.0.6.RELEASE\spring-webmvc-5.0.6.RELEASE.jar;C:\Users\IBM_ADMIN\mvn_repo\org\springframework\spring-expression\5.0.6.RELEASE\spring-expression-5.0.6.RELEASE.jar;C:\Users\IBM_ADMIN\mvn_repo\org\springframework\boot\spring-boot-starter-actuator\2.0.2.RELEASE\spring-boot-starter-actuator-2.0.2.RELEASE.jar;C:\Users\IBM_ADMIN\mvn_repo\org\springframework\boot\spring-boot-actuator-autoconfigure\2.0.2.RELEASE\spring-boot-actuator-autoconfigure-2.0.2.RELEASE.jar;C:\Users\IBM_ADMIN\mvn_repo\org\springframework\boot\spring-boot-actuator\2.0.2.RELEASE\spring-boot-actuator-2.0.2.RELEASE.jar;C:\Users\IBM_ADMIN\mvn_repo\io\micrometer\micrometer-core\1.0.4\micrometer-core-1.0.4.jar;C:\Users\IBM_ADMIN\mvn_repo\org\hdrhistogram\HdrHistogram\2.1.10\HdrHistogram-2.1.10.jar;C:\Users\IBM_ADMIN\mvn_repo\org\latencyutils\LatencyUtils\2.0.3\LatencyUtils-2.0.3.jar;C:\Users\IBM_ADMIN\mvn_repo\org\apache\derby\derby\10.14.1.0\derby-10.14.1.0.jar;C:\Users\IBM_ADMIN\mvn_repo\org\springframework\boot\spring-boot-starter-test\2.0.2.RELEASE\spring-boot-starter-test-2.0.2.RELEASE.jar;C:\Users\IBM_ADMIN\mvn_repo\org\springframework\boot\spring-boot-test\2.0.2.RELEASE\spring-boot-test-2.0.2.RELEASE.jar;C:\Users\IBM_ADMIN\mvn_repo\org\springframework\boot\spring-boot-test-autoconfigure\2.0.2.RELEASE\spring-boot-test-autoconfigure-2.0.2.RELEASE.jar;C:\Users\IBM_ADMIN\mvn_repo\com\jayway\jsonpath\json-path\2.4.0\json-path-2.4.0.jar;C:\Users\IBM_ADMIN\mvn_repo\net\minidev\json-smart\2.3\json-smart-2.3.jar;C:\Users\IBM_ADMIN\mvn_repo\net\minidev\accessors-smart\1.2\accessors-smart-1.2.jar;C:\Users\IBM_ADMIN\mvn_repo\org\ow2\asm\asm\5.0.4\asm-5.0.4.jar;C:\Users\IBM_ADMIN\mvn_repo\junit\junit\4.12\junit-4.12.jar;C:\Users\IBM_ADMIN\mvn_repo\org\assertj\assertj-core\3.9.1\assertj-core-3.9.1.jar;C:\Users\IBM_ADMIN\mvn_repo\org\mockito\mockito-core\2.15.0\mockito-core-2.15.0.jar;C:\Users\IBM_ADMIN\mvn_repo\net\bytebuddy\byte-buddy\1.7.11\byte-buddy-1.7.11.jar;C:\Users\IBM_ADMIN\mvn_repo\net\bytebuddy\byte-buddy-agent\1.7.11\byte-buddy-agent-1.7.11.jar;C:\Users\IBM_ADMIN\mvn_repo\org\objenesis\objenesis\2.6\objenesis-2.6.jar;C:\Users\IBM_ADMIN\mvn_repo\org\hamcrest\hamcrest-core\1.3\hamcrest-core-1.3.jar;C:\Users\IBM_ADMIN\mvn_repo\org\hamcrest\hamcrest-library\1.3\hamcrest-library-1.3.jar;C:\Users\IBM_ADMIN\mvn_repo\org\skyscreamer\jsonassert\1.5.0\jsonassert-1.5.0.jar;C:\Users\IBM_ADMIN\mvn_repo\com\vaadin\external\google\android-json\0.0.20131108.vaadin1\android-json-0.0.20131108.vaadin1.jar;C:\Users\IBM_ADMIN\mvn_repo\org\springframework\spring-core\5.0.6.RELEASE\spring-core-5.0.6.RELEASE.jar;C:\Users\IBM_ADMIN\mvn_repo\org\springframework\spring-jcl\5.0.6.RELEASE\spring-jcl-5.0.6.RELEASE.jar;C:\Users\IBM_ADMIN\mvn_repo\org\springframework\spring-test\5.0.6.RELEASE\spring-test-5.0.6.RELEASE.jar;C:\Users\IBM_ADMIN\mvn_repo\org\xmlunit\xmlunit-core\2.5.1\xmlunit-core-2.5.1.jar;"/>
    <property name="java.vm.vendor" value="Oracle Corporation"/>
    <property name="sun.arch.data.model" value="64"/>
    <property name="user.variant" value=""/>
    <property name="java.vendor.url" value="http://java.oracle.com/"/>
    <property name="user.timezone" value=""/>
    <property name="java.vm.specification.version" value="1.8"/>
    <property name="os.name" value="Windows 7"/>
    <property name="user.country" value="US"/>
    <property name="sun.java.launcher" value="SUN_STANDARD"/>
    <property name="sun.boot.library.path" value="C:\idse\java\jre\bin"/>
    <property name="sun.java.command" value="C:\Users\IBM_AD~1\AppData\Local\Temp\surefire8883539057468930513\surefirebooter7547232748582803960.jar C:\Users\IBM_ADMIN\AppData\Local\Temp\surefire8883539057468930513 2018-05-30T14-33-57_102-jvmRun1 surefire5587426554776720083tmp surefire_01900946131018602436tmp"/>
    <property name="surefire.test.class.path" value="C:\Tutorials\eclipse\eclipse-workspace\course-api-data\target\test-classes;C:\Tutorials\eclipse\eclipse-workspace\course-api-data\target\classes;C:\Users\IBM_ADMIN\mvn_repo\org\springframework\boot\spring-boot-starter-data-jpa\2.0.2.RELEASE\spring-boot-starter-data-jpa-2.0.2.RELEASE.jar;C:\Users\IBM_ADMIN\mvn_repo\org\springframework\boot\spring-boot-starter\2.0.2.RELEASE\spring-boot-starter-2.0.2.RELEASE.jar;C:\Users\IBM_ADMIN\mvn_repo\org\springframework\boot\spring-boot\2.0.2.RELEASE\spring-boot-2.0.2.RELEASE.jar;C:\Users\IBM_ADMIN\mvn_repo\org\springframework\boot\spring-boot-autoconfigure\2.0.2.RELEASE\spring-boot-autoconfigure-2.0.2.RELEASE.jar;C:\Users\IBM_ADMIN\mvn_repo\org\springframework\boot\spring-boot-starter-logging\2.0.2.RELEASE\spring-boot-starter-logging-2.0.2.RELEASE.jar;C:\Users\IBM_ADMIN\mvn_repo\ch\qos\logback\logback-classic\1.2.3\logback-classic-1.2.3.jar;C:\Users\IBM_ADMIN\mvn_repo\ch\qos\logback\logback-core\1.2.3\logback-core-1.2.3.jar;C:\Users\IBM_ADMIN\mvn_repo\org\apache\logging\log4j\log4j-to-slf4j\2.10.0\log4j-to-slf4j-2.10.0.jar;C:\Users\IBM_ADMIN\mvn_repo\org\apache\logging\log4j\log4j-api\2.10.0\log4j-api-2.10.0.jar;C:\Users\IBM_ADMIN\mvn_repo\org\slf4j\jul-to-slf4j\1.7.25\jul-to-slf4j-1.7.25.jar;C:\Users\IBM_ADMIN\mvn_repo\javax\annotation\javax.annotation-api\1.3.2\javax.annotation-api-1.3.2.jar;C:\Users\IBM_ADMIN\mvn_repo\org\yaml\snakeyaml\1.19\snakeyaml-1.19.jar;C:\Users\IBM_ADMIN\mvn_repo\org\springframework\boot\spring-boot-starter-aop\2.0.2.RELEASE\spring-boot-starter-aop-2.0.2.RELEASE.jar;C:\Users\IBM_ADMIN\mvn_repo\org\springframework\spring-aop\5.0.6.RELEASE\spring-aop-5.0.6.RELEASE.jar;C:\Users\IBM_ADMIN\mvn_repo\org\aspectj\aspectjweaver\1.8.13\aspectjweaver-1.8.13.jar;C:\Users\IBM_ADMIN\mvn_repo\org\springframework\boot\spring-boot-starter-jdbc\2.0.2.RELEASE\spring-boot-starter-jdbc-2.0.2.RELEASE.jar;C:\Users\IBM_ADMIN\mvn_repo\com\zaxxer\HikariCP\2.7.9\HikariCP-2.7.9.jar;C:\Users\IBM_ADMIN\mvn_repo\org\springframework\spring-jdbc\5.0.6.RELEASE\spring-jdbc-5.0.6.RELEASE.jar;C:\Users\IBM_ADMIN\mvn_repo\org\hibernate\hibernate-core\5.2.17.Final\hibernate-core-5.2.17.Final.jar;C:\Users\IBM_ADMIN\mvn_repo\org\jboss\logging\jboss-logging\3.3.2.Final\jboss-logging-3.3.2.Final.jar;C:\Users\IBM_ADMIN\mvn_repo\org\hibernate\javax\persistence\hibernate-jpa-2.1-api\1.0.0.Final\hibernate-jpa-2.1-api-1.0.0.Final.jar;C:\Users\IBM_ADMIN\mvn_repo\org\javassist\javassist\3.22.0-GA\javassist-3.22.0-GA.jar;C:\Users\IBM_ADMIN\mvn_repo\antlr\antlr\2.7.7\antlr-2.7.7.jar;C:\Users\IBM_ADMIN\mvn_repo\org\jboss\jandex\2.0.3.Final\jandex-2.0.3.Final.jar;C:\Users\IBM_ADMIN\mvn_repo\com\fasterxml\classmate\1.3.4\classmate-1.3.4.jar;C:\Users\IBM_ADMIN\mvn_repo\dom4j\dom4j\1.6.1\dom4j-1.6.1.jar;C:\Users\IBM_ADMIN\mvn_repo\org\hibernate\common\hibernate-commons-annotations\5.0.1.Final\hibernate-commons-annotations-5.0.1.Final.jar;C:\Users\IBM_ADMIN\mvn_repo\javax\transaction\javax.transaction-api\1.2\javax.transaction-api-1.2.jar;C:\Users\IBM_ADMIN\mvn_repo\org\springframework\data\spring-data-jpa\2.0.7.RELEASE\spring-data-jpa-2.0.7.RELEASE.jar;C:\Users\IBM_ADMIN\mvn_repo\org\springframework\data\spring-data-commons\2.0.7.RELEASE\spring-data-commons-2.0.7.RELEASE.jar;C:\Users\IBM_ADMIN\mvn_repo\org\springframework\spring-orm\5.0.6.RELEASE\spring-orm-5.0.6.RELEASE.jar;C:\Users\IBM_ADMIN\mvn_repo\org\springframework\spring-context\5.0.6.RELEASE\spring-context-5.0.6.RELEASE.jar;C:\Users\IBM_ADMIN\mvn_repo\org\springframework\spring-tx\5.0.6.RELEASE\spring-tx-5.0.6.RELEASE.jar;C:\Users\IBM_ADMIN\mvn_repo\org\springframework\spring-beans\5.0.6.RELEASE\spring-beans-5.0.6.RELEASE.jar;C:\Users\IBM_ADMIN\mvn_repo\org\slf4j\slf4j-api\1.7.25\slf4j-api-1.7.25.jar;C:\Users\IBM_ADMIN\mvn_repo\org\springframework\spring-aspects\5.0.6.RELEASE\spring-aspects-5.0.6.RELEASE.jar;C:\Users\IBM_ADMIN\mvn_repo\org\springframework\boot\spring-boot-starter-web\2.0.2.RELEASE\spring-boot-starter-web-2.0.2.RELEASE.jar;C:\Users\IBM_ADMIN\mvn_repo\org\springframework\boot\spring-boot-starter-json\2.0.2.RELEASE\spring-boot-starter-json-2.0.2.RELEASE.jar;C:\Users\IBM_ADMIN\mvn_repo\com\fasterxml\jackson\core\jackson-databind\2.9.5\jackson-databind-2.9.5.jar;C:\Users\IBM_ADMIN\mvn_repo\com\fasterxml\jackson\core\jackson-annotations\2.9.0\jackson-annotations-2.9.0.jar;C:\Users\IBM_ADMIN\mvn_repo\com\fasterxml\jackson\core\jackson-core\2.9.5\jackson-core-2.9.5.jar;C:\Users\IBM_ADMIN\mvn_repo\com\fasterxml\jackson\datatype\jackson-datatype-jdk8\2.9.5\jackson-datatype-jdk8-2.9.5.jar;C:\Users\IBM_ADMIN\mvn_repo\com\fasterxml\jackson\datatype\jackson-datatype-jsr310\2.9.5\jackson-datatype-jsr310-2.9.5.jar;C:\Users\IBM_ADMIN\mvn_repo\com\fasterxml\jackson\module\jackson-module-parameter-names\2.9.5\jackson-module-parameter-names-2.9.5.jar;C:\Users\IBM_ADMIN\mvn_repo\org\springframework\boot\spring-boot-starter-tomcat\2.0.2.RELEASE\spring-boot-starter-tomcat-2.0.2.RELEASE.jar;C:\Users\IBM_ADMIN\mvn_repo\org\apache\tomcat\embed\tomcat-embed-core\8.5.31\tomcat-embed-core-8.5.31.jar;C:\Users\IBM_ADMIN\mvn_repo\org\apache\tomcat\embed\tomcat-embed-el\8.5.31\tomcat-embed-el-8.5.31.jar;C:\Users\IBM_ADMIN\mvn_repo\org\apache\tomcat\embed\tomcat-embed-websocket\8.5.31\tomcat-embed-websocket-8.5.31.jar;C:\Users\IBM_ADMIN\mvn_repo\org\hibernate\validator\hibernate-validator\6.0.9.Final\hibernate-validator-6.0.9.Final.jar;C:\Users\IBM_ADMIN\mvn_repo\javax\validation\validation-api\2.0.1.Final\validation-api-2.0.1.Final.jar;C:\Users\IBM_ADMIN\mvn_repo\org\springframework\spring-web\5.0.6.RELEASE\spring-web-5.0.6.RELEASE.jar;C:\Users\IBM_ADMIN\mvn_repo\org\springframework\spring-webmvc\5.0.6.RELEASE\spring-webmvc-5.0.6.RELEASE.jar;C:\Users\IBM_ADMIN\mvn_repo\org\springframework\spring-expression\5.0.6.RELEASE\spring-expression-5.0.6.RELEASE.jar;C:\Users\IBM_ADMIN\mvn_repo\org\springframework\boot\spring-boot-starter-actuator\2.0.2.RELEASE\spring-boot-starter-actuator-2.0.2.RELEASE.jar;C:\Users\IBM_ADMIN\mvn_repo\org\springframework\boot\spring-boot-actuator-autoconfigure\2.0.2.RELEASE\spring-boot-actuator-autoconfigure-2.0.2.RELEASE.jar;C:\Users\IBM_ADMIN\mvn_repo\org\springframework\boot\spring-boot-actuator\2.0.2.RELEASE\spring-boot-actuator-2.0.2.RELEASE.jar;C:\Users\IBM_ADMIN\mvn_repo\io\micrometer\micrometer-core\1.0.4\micrometer-core-1.0.4.jar;C:\Users\IBM_ADMIN\mvn_repo\org\hdrhistogram\HdrHistogram\2.1.10\HdrHistogram-2.1.10.jar;C:\Users\IBM_ADMIN\mvn_repo\org\latencyutils\LatencyUtils\2.0.3\LatencyUtils-2.0.3.jar;C:\Users\IBM_ADMIN\mvn_repo\org\apache\derby\derby\10.14.1.0\derby-10.14.1.0.jar;C:\Users\IBM_ADMIN\mvn_repo\org\springframework\boot\spring-boot-starter-test\2.0.2.RELEASE\spring-boot-starter-test-2.0.2.RELEASE.jar;C:\Users\IBM_ADMIN\mvn_repo\org\springframework\boot\spring-boot-test\2.0.2.RELEASE\spring-boot-test-2.0.2.RELEASE.jar;C:\Users\IBM_ADMIN\mvn_repo\org\springframework\boot\spring-boot-test-autoconfigure\2.0.2.RELEASE\spring-boot-test-autoconfigure-2.0.2.RELEASE.jar;C:\Users\IBM_ADMIN\mvn_repo\com\jayway\jsonpath\json-path\2.4.0\json-path-2.4.0.jar;C:\Users\IBM_ADMIN\mvn_repo\net\minidev\json-smart\2.3\json-smart-2.3.jar;C:\Users\IBM_ADMIN\mvn_repo\net\minidev\accessors-smart\1.2\accessors-smart-1.2.jar;C:\Users\IBM_ADMIN\mvn_repo\org\ow2\asm\asm\5.0.4\asm-5.0.4.jar;C:\Users\IBM_ADMIN\mvn_repo\junit\junit\4.12\junit-4.12.jar;C:\Users\IBM_ADMIN\mvn_repo\org\assertj\assertj-core\3.9.1\assertj-core-3.9.1.jar;C:\Users\IBM_ADMIN\mvn_repo\org\mockito\mockito-core\2.15.0\mockito-core-2.15.0.jar;C:\Users\IBM_ADMIN\mvn_repo\net\bytebuddy\byte-buddy\1.7.11\byte-buddy-1.7.11.jar;C:\Users\IBM_ADMIN\mvn_repo\net\bytebuddy\byte-buddy-agent\1.7.11\byte-buddy-agent-1.7.11.jar;C:\Users\IBM_ADMIN\mvn_repo\org\objenesis\objenesis\2.6\objenesis-2.6.jar;C:\Users\IBM_ADMIN\mvn_repo\org\hamcrest\hamcrest-core\1.3\hamcrest-core-1.3.jar;C:\Users\IBM_ADMIN\mvn_repo\org\hamcrest\hamcrest-library\1.3\hamcrest-library-1.3.jar;C:\Users\IBM_ADMIN\mvn_repo\org\skyscreamer\jsonassert\1.5.0\jsonassert-1.5.0.jar;C:\Users\IBM_ADMIN\mvn_repo\com\vaadin\external\google\android-json\0.0.20131108.vaadin1\android-json-0.0.20131108.vaadin1.jar;C:\Users\IBM_ADMIN\mvn_repo\org\springframework\spring-core\5.0.6.RELEASE\spring-core-5.0.6.RELEASE.jar;C:\Users\IBM_ADMIN\mvn_repo\org\springframework\spring-jcl\5.0.6.RELEASE\spring-jcl-5.0.6.RELEASE.jar;C:\Users\IBM_ADMIN\mvn_repo\org\springframework\spring-test\5.0.6.RELEASE\spring-test-5.0.6.RELEASE.jar;C:\Users\IBM_ADMIN\mvn_repo\org\xmlunit\xmlunit-core\2.5.1\xmlunit-core-2.5.1.jar;"/>
    <property name="sun.cpu.endian" value="little"/>
    <property name="user.home" value="C:\Users\IBM_ADMIN"/>
    <property name="user.language" value="en"/>
    <property name="java.specification.vendor" value="Oracle Corporation"/>
    <property name="java.home" value="C:\idse\java\jre"/>
    <property name="basedir" value="C:\Tutorials\eclipse\eclipse-workspace\course-api-data"/>
    <property name="file.separator" value="\"/>
    <property name="line.separator" value="&#10;"/>
    <property name="java.vm.specification.vendor" value="Oracle Corporation"/>
    <property name="java.specification.name" value="Java Platform API Specification"/>
    <property name="java.awt.graphicsenv" value="sun.awt.Win32GraphicsEnvironment"/>
    <property name="surefire.real.class.path" value="C:\Users\IBM_AD~1\AppData\Local\Temp\surefire8883539057468930513\surefirebooter7547232748582803960.jar"/>
    <property name="sun.boot.class.path" value="C:\idse\java\jre\lib\resources.jar;C:\idse\java\jre\lib\rt.jar;C:\idse\java\jre\lib\sunrsasign.jar;C:\idse\java\jre\lib\jsse.jar;C:\idse\java\jre\lib\jce.jar;C:\idse\java\jre\lib\charsets.jar;C:\idse\java\jre\lib\jfr.jar;C:\idse\java\jre\classes"/>
    <property name="user.script" value=""/>
    <property name="sun.management.compiler" value="HotSpot 64-Bit Tiered Compilers"/>
    <property name="java.runtime.version" value="1.8.0_152-b16"/>
    <property name="user.name" value="wasperf"/>
    <property name="path.separator" value=";"/>
    <property name="os.version" value="6.1"/>
    <property name="java.endorsed.dirs" value="C:\idse\java\jre\lib\endorsed"/>
    <property name="java.runtime.name" value="Java(TM) SE Runtime Environment"/>
    <property name="file.encoding" value="Cp1252"/>
    <property name="java.vm.name" value="Java HotSpot(TM) 64-Bit Server VM"/>
    <property name="localRepository" value="C:\Users\IBM_ADMIN\mvn_repo"/>
    <property name="java.vendor.url.bug" value="http://bugreport.sun.com/bugreport/"/>
    <property name="java.io.tmpdir" value="C:\Users\IBM_AD~1\AppData\Local\Temp\"/>
    <property name="java.version" value="1.8.0_152"/>
    <property name="user.dir" value="C:\Tutorials\eclipse\eclipse-workspace\course-api-data"/>
    <property name="os.arch" value="amd64"/>
    <property name="java.vm.specification.name" value="Java Virtual Machine Specification"/>
    <property name="java.awt.printerjob" value="sun.awt.windows.WPrinterJob"/>
    <property name="sun.os.patch.level" value="Service Pack 1"/>
    <property name="java.library.path" value="C:\idse\java\jre\bin;C:\windows\Sun\Java\bin;C:\windows\system32;C:\windows;%SystemRoot%\system32\WindowsPowerShell\v1.0\;C:\Tutorials\Maven\apache-maven-3.5.3\bin;C:\idse\maven\bin;C:\idse\java\bin;C:\Program Files (x86)\RSA SecurID Token Common;C:\Vagrant\bin;C:\Tutorials\Sonarqube\sonar-scanner-2.8\bin;C:\Tutorials\DevOps-GIT-Jenkins-Artifactory-Sonar-ELK\devops\apache-maven-3.5.3\bin;C:\Tutorials\Maven\apache-maven-3.5.3\bin;C:\Tutorials\Kubernetes-udemy\VirtualBox;C:\Tutorials\Kubernetes-udemy;C:\Users\IBM_ADMIN\Downloads\google-cloud-sdk-186.0.0-windows-x86_64\google-cloud-sdk\bin;C:\Python27;C:\Python\Python36-32;C:\Java\jre1.8.0_144\bin;C:\Program Files (x86)\IBM\Java80\jre\bin;C:\Program Files\Common Files\Microsoft Shared\Windows Live;C:\Program Files (x86)\Common Files\Microsoft Shared\Windows Live;C:\Program Files (x86)\Intel\iCLS Client\;C:\Program Files\Intel\iCLS Client\;C:\Program Files\IBM\Cognos BI Developer Trial\ids\iconnect\bin;C:\Program Files (x86)\ibm\gsk8\lib;C:\Program Files (x86)\ibm\gsk8\bin;C:\windows\system32;C:\windows;C:\windows\System32\Wbem;C:\windows\System32\WindowsPowerShell\v1.0\;C:\Program Files\IBM\Infoprint Select;C:\Program File;C:\Program Files\TortoiseGit\bin;C:\Program Files\Intel\WiFi\bin\;C:\Program Files\Common Files\Intel\WirelessCommon\;."/>
    <property name="java.vm.info" value="mixed mode"/>
    <property name="java.vendor" value="Oracle Corporation"/>
    <property name="java.vm.version" value="25.152-b16"/>
    <property name="java.ext.dirs" value="C:\idse\java\jre\lib\ext;C:\windows\Sun\Java\lib\ext"/>
    <property name="sun.io.unicode.encoding" value="UnicodeLittle"/>
    <property name="java.class.version" value="52.0"/>
  </properties>
  <testcase name="contextLoads" classname="com.javainuse.springbootquickstart.courseapidata.CourseApiDataApplicationTests" time="0.6"/>
</testsuite>